Base path: C:/Program Files (x86)/Unity/Editor/Data
Pipe name: \\.\pipe\UnityShaderCompiler-1-4400
Cmd: getPlatforms
Cmd: preprocess
  insize=782 outsize=782 ok=1
Cmd: preprocess
  insize=1011 outsize=1325 ok=1
Cmd: compileSnippet
  api=1 type=0 insize=4828 outsize=630 kw=DIRECTIONAL SHADOWS_OFF LIGHTMAP_OFF DIRLIGHTMAP_OFF ok=1
Cmd: compileSnippet
  api=1 type=1 insize=4828 outsize=427 kw=DIRECTIONAL SHADOWS_OFF LIGHTMAP_OFF DIRLIGHTMAP_OFF ok=1
Cmd: compileSnippet
  api=1 type=0 insize=2804 outsize=418 kw=POINT ok=1
Cmd: compileSnippet
  api=1 type=1 insize=2804 outsize=560 kw=POINT ok=1
Cmd: compileSnippet
  api=1 type=0 insize=2219 outsize=190 kw= ok=1
Cmd: compileSnippet
  api=1 type=1 insize=2219 outsize=118 kw= ok=1
Cmd: compileSnippet
  api=1 type=0 insize=4545 outsize=674 kw=LIGHTMAP_OFF DIRLIGHTMAP_OFF HDR_LIGHT_PREPASS_OFF ok=1
Cmd: compileSnippet
  api=1 type=1 insize=4545 outsize=394 kw=LIGHTMAP_OFF DIRLIGHTMAP_OFF HDR_LIGHT_PREPASS_OFF ok=1
